[watcher_start] 2026-04-22T19:53:44+02:00 interval_sec=600

===== 2026-04-22T19:53:44+02:00 =====
session=mixed_curriculum_1776880227
summary=missing
stage1_dir=present
proc=running
75580 /bin/bash -O extglob -c snap=$(command cat <&3) && builtin shopt -s extglob && builtin eval -- "$snap" && { builtin set +u 2>/dev/null || true; builtin eval "${__CURSOR_SANDBOX_ENV_RESTORE:-}" 2>/dev/null; builtin export PWD="$(builtin pwd)"; builtin shopt -s expand_aliases 2>/dev/null; builtin eval "$1" < /dev/null; }; COMMAND_EXIT_CODE=$?; dump_bash_state >&4; builtin exit $COMMAND_EXIT_CODE -- bash /Data/janis.aiad/abstractrl/src/AbstractBeam/crossbeam/experiment/v4/run_mixed_and_constructive_after_stop.sh
75594 bash /Data/janis.aiad/abstractrl/src/AbstractBeam/crossbeam/experiment/v4/run_mixed_and_constructive_after_stop.sh
75598 python3 -u run_mixed_curriculum_gcp_v4.py --session mixed_curriculum_1776880227 --small-train-globs /Data/janis.aiad/abstractrl/src/AbstractBeam/crossbeam/experiment/runs/gcp_trm_scaleup_v2/session_1776550919/n20/traces_train/*.pt,/Data/janis.aiad/abstractrl/src/AbstractBeam/crossbeam/experiment/runs/gcp_trm_scaleup_v2/session_1776550919/n40/traces_train/*.pt --small-valid-globs /Data/janis.aiad/abstractrl/src/AbstractBeam/crossbeam/experiment/runs/gcp_trm_scaleup_v2/session_1776550919/n20/traces_valid/*.pt,/Data/janis.aiad/abstractrl/src/AbstractBeam/crossbeam/experiment/runs/gcp_trm_scaleup_v2/session_1776550919/n40/traces_valid/*.pt --small-pretrained-ckpt /Data/janis.aiad/abstractrl/src/AbstractBeam/crossbeam/experiment/v3/runs/gcp_trm_scaleup_v3/big_train_1776710200/model-best.pt --run-ladder-eval
mixed_log=mixed_curriculum_1776880227.log

===== 2026-04-22T20:03:44+02:00 =====
session=mixed_curriculum_1776880227
summary=missing
stage1_dir=present
proc=running
75580 /bin/bash -O extglob -c snap=$(command cat <&3) && builtin shopt -s extglob && builtin eval -- "$snap" && { builtin set +u 2>/dev/null || true; builtin eval "${__CURSOR_SANDBOX_ENV_RESTORE:-}" 2>/dev/null; builtin export PWD="$(builtin pwd)"; builtin shopt -s expand_aliases 2>/dev/null; builtin eval "$1" < /dev/null; }; COMMAND_EXIT_CODE=$?; dump_bash_state >&4; builtin exit $COMMAND_EXIT_CODE -- bash /Data/janis.aiad/abstractrl/src/AbstractBeam/crossbeam/experiment/v4/run_mixed_and_constructive_after_stop.sh
75594 bash /Data/janis.aiad/abstractrl/src/AbstractBeam/crossbeam/experiment/v4/run_mixed_and_constructive_after_stop.sh
75598 python3 -u run_mixed_curriculum_gcp_v4.py --session mixed_curriculum_1776880227 --small-train-globs /Data/janis.aiad/abstractrl/src/AbstractBeam/crossbeam/experiment/runs/gcp_trm_scaleup_v2/session_1776550919/n20/traces_train/*.pt,/Data/janis.aiad/abstractrl/src/AbstractBeam/crossbeam/experiment/runs/gcp_trm_scaleup_v2/session_1776550919/n40/traces_train/*.pt --small-valid-globs /Data/janis.aiad/abstractrl/src/AbstractBeam/crossbeam/experiment/runs/gcp_trm_scaleup_v2/session_1776550919/n20/traces_valid/*.pt,/Data/janis.aiad/abstractrl/src/AbstractBeam/crossbeam/experiment/runs/gcp_trm_scaleup_v2/session_1776550919/n40/traces_valid/*.pt --small-pretrained-ckpt /Data/janis.aiad/abstractrl/src/AbstractBeam/crossbeam/experiment/v3/runs/gcp_trm_scaleup_v3/big_train_1776710200/model-best.pt --run-ladder-eval
mixed_log=mixed_curriculum_1776880227.log
mixed_tail: [50/120] wrote 763 samples
mixed_tail: [100/120] wrote 1486 samples
mixed_tail: done: wrote 1776 samples to /Data/janis.aiad/abstractrl/src/AbstractBeam/crossbeam/experiment/v4/runs/gcp_trm_mixed_curriculum_v4/mixed_curriculum_1776880227/stage1_100_200/n100/traces_train
mixed_tail: done: wrote 154 samples to /Data/janis.aiad/abstractrl/src/AbstractBeam/crossbeam/experiment/v4/runs/gcp_trm_mixed_curriculum_v4/mixed_curriculum_1776880227/stage1_100_200/n100/traces_valid

===== 2026-04-22T20:13:44+02:00 =====
session=mixed_curriculum_1776880227
summary=missing
stage1_dir=present
proc=running
75580 /bin/bash -O extglob -c snap=$(command cat <&3) && builtin shopt -s extglob && builtin eval -- "$snap" && { builtin set +u 2>/dev/null || true; builtin eval "${__CURSOR_SANDBOX_ENV_RESTORE:-}" 2>/dev/null; builtin export PWD="$(builtin pwd)"; builtin shopt -s expand_aliases 2>/dev/null; builtin eval "$1" < /dev/null; }; COMMAND_EXIT_CODE=$?; dump_bash_state >&4; builtin exit $COMMAND_EXIT_CODE -- bash /Data/janis.aiad/abstractrl/src/AbstractBeam/crossbeam/experiment/v4/run_mixed_and_constructive_after_stop.sh
75594 bash /Data/janis.aiad/abstractrl/src/AbstractBeam/crossbeam/experiment/v4/run_mixed_and_constructive_after_stop.sh
75598 python3 -u run_mixed_curriculum_gcp_v4.py --session mixed_curriculum_1776880227 --small-train-globs /Data/janis.aiad/abstractrl/src/AbstractBeam/crossbeam/experiment/runs/gcp_trm_scaleup_v2/session_1776550919/n20/traces_train/*.pt,/Data/janis.aiad/abstractrl/src/AbstractBeam/crossbeam/experiment/runs/gcp_trm_scaleup_v2/session_1776550919/n40/traces_train/*.pt --small-valid-globs /Data/janis.aiad/abstractrl/src/AbstractBeam/crossbeam/experiment/runs/gcp_trm_scaleup_v2/session_1776550919/n20/traces_valid/*.pt,/Data/janis.aiad/abstractrl/src/AbstractBeam/crossbeam/experiment/runs/gcp_trm_scaleup_v2/session_1776550919/n40/traces_valid/*.pt --small-pretrained-ckpt /Data/janis.aiad/abstractrl/src/AbstractBeam/crossbeam/experiment/v3/runs/gcp_trm_scaleup_v3/big_train_1776710200/model-best.pt --run-ladder-eval
mixed_log=mixed_curriculum_1776880227.log
mixed_tail: [50/120] wrote 763 samples
mixed_tail: [100/120] wrote 1486 samples
mixed_tail: done: wrote 1776 samples to /Data/janis.aiad/abstractrl/src/AbstractBeam/crossbeam/experiment/v4/runs/gcp_trm_mixed_curriculum_v4/mixed_curriculum_1776880227/stage1_100_200/n100/traces_train
mixed_tail: done: wrote 154 samples to /Data/janis.aiad/abstractrl/src/AbstractBeam/crossbeam/experiment/v4/runs/gcp_trm_mixed_curriculum_v4/mixed_curriculum_1776880227/stage1_100_200/n100/traces_valid

===== 2026-04-22T20:23:44+02:00 =====
session=mixed_curriculum_1776880227
summary=missing
stage1_dir=present
proc=running
75580 /bin/bash -O extglob -c snap=$(command cat <&3) && builtin shopt -s extglob && builtin eval -- "$snap" && { builtin set +u 2>/dev/null || true; builtin eval "${__CURSOR_SANDBOX_ENV_RESTORE:-}" 2>/dev/null; builtin export PWD="$(builtin pwd)"; builtin shopt -s expand_aliases 2>/dev/null; builtin eval "$1" < /dev/null; }; COMMAND_EXIT_CODE=$?; dump_bash_state >&4; builtin exit $COMMAND_EXIT_CODE -- bash /Data/janis.aiad/abstractrl/src/AbstractBeam/crossbeam/experiment/v4/run_mixed_and_constructive_after_stop.sh
75594 bash /Data/janis.aiad/abstractrl/src/AbstractBeam/crossbeam/experiment/v4/run_mixed_and_constructive_after_stop.sh
75598 python3 -u run_mixed_curriculum_gcp_v4.py --session mixed_curriculum_1776880227 --small-train-globs /Data/janis.aiad/abstractrl/src/AbstractBeam/crossbeam/experiment/runs/gcp_trm_scaleup_v2/session_1776550919/n20/traces_train/*.pt,/Data/janis.aiad/abstractrl/src/AbstractBeam/crossbeam/experiment/runs/gcp_trm_scaleup_v2/session_1776550919/n40/traces_train/*.pt --small-valid-globs /Data/janis.aiad/abstractrl/src/AbstractBeam/crossbeam/experiment/runs/gcp_trm_scaleup_v2/session_1776550919/n20/traces_valid/*.pt,/Data/janis.aiad/abstractrl/src/AbstractBeam/crossbeam/experiment/runs/gcp_trm_scaleup_v2/session_1776550919/n40/traces_valid/*.pt --small-pretrained-ckpt /Data/janis.aiad/abstractrl/src/AbstractBeam/crossbeam/experiment/v3/runs/gcp_trm_scaleup_v3/big_train_1776710200/model-best.pt --run-ladder-eval
mixed_log=mixed_curriculum_1776880227.log
mixed_tail: [50/120] wrote 763 samples
mixed_tail: [100/120] wrote 1486 samples
mixed_tail: done: wrote 1776 samples to /Data/janis.aiad/abstractrl/src/AbstractBeam/crossbeam/experiment/v4/runs/gcp_trm_mixed_curriculum_v4/mixed_curriculum_1776880227/stage1_100_200/n100/traces_train
mixed_tail: done: wrote 154 samples to /Data/janis.aiad/abstractrl/src/AbstractBeam/crossbeam/experiment/v4/runs/gcp_trm_mixed_curriculum_v4/mixed_curriculum_1776880227/stage1_100_200/n100/traces_valid

===== 2026-04-22T20:33:44+02:00 =====
session=mixed_curriculum_1776880227
summary=missing
stage1_dir=present
proc=running
75580 /bin/bash -O extglob -c snap=$(command cat <&3) && builtin shopt -s extglob && builtin eval -- "$snap" && { builtin set +u 2>/dev/null || true; builtin eval "${__CURSOR_SANDBOX_ENV_RESTORE:-}" 2>/dev/null; builtin export PWD="$(builtin pwd)"; builtin shopt -s expand_aliases 2>/dev/null; builtin eval "$1" < /dev/null; }; COMMAND_EXIT_CODE=$?; dump_bash_state >&4; builtin exit $COMMAND_EXIT_CODE -- bash /Data/janis.aiad/abstractrl/src/AbstractBeam/crossbeam/experiment/v4/run_mixed_and_constructive_after_stop.sh
75594 bash /Data/janis.aiad/abstractrl/src/AbstractBeam/crossbeam/experiment/v4/run_mixed_and_constructive_after_stop.sh
75598 python3 -u run_mixed_curriculum_gcp_v4.py --session mixed_curriculum_1776880227 --small-train-globs /Data/janis.aiad/abstractrl/src/AbstractBeam/crossbeam/experiment/runs/gcp_trm_scaleup_v2/session_1776550919/n20/traces_train/*.pt,/Data/janis.aiad/abstractrl/src/AbstractBeam/crossbeam/experiment/runs/gcp_trm_scaleup_v2/session_1776550919/n40/traces_train/*.pt --small-valid-globs /Data/janis.aiad/abstractrl/src/AbstractBeam/crossbeam/experiment/runs/gcp_trm_scaleup_v2/session_1776550919/n20/traces_valid/*.pt,/Data/janis.aiad/abstractrl/src/AbstractBeam/crossbeam/experiment/runs/gcp_trm_scaleup_v2/session_1776550919/n40/traces_valid/*.pt --small-pretrained-ckpt /Data/janis.aiad/abstractrl/src/AbstractBeam/crossbeam/experiment/v3/runs/gcp_trm_scaleup_v3/big_train_1776710200/model-best.pt --run-ladder-eval
mixed_log=mixed_curriculum_1776880227.log
mixed_tail: [50/120] wrote 763 samples
mixed_tail: [100/120] wrote 1486 samples
mixed_tail: done: wrote 1776 samples to /Data/janis.aiad/abstractrl/src/AbstractBeam/crossbeam/experiment/v4/runs/gcp_trm_mixed_curriculum_v4/mixed_curriculum_1776880227/stage1_100_200/n100/traces_train
mixed_tail: done: wrote 154 samples to /Data/janis.aiad/abstractrl/src/AbstractBeam/crossbeam/experiment/v4/runs/gcp_trm_mixed_curriculum_v4/mixed_curriculum_1776880227/stage1_100_200/n100/traces_valid

===== 2026-04-22T20:43:44+02:00 =====
session=mixed_curriculum_1776880227
summary=missing
stage1_dir=present
proc=running
75580 /bin/bash -O extglob -c snap=$(command cat <&3) && builtin shopt -s extglob && builtin eval -- "$snap" && { builtin set +u 2>/dev/null || true; builtin eval "${__CURSOR_SANDBOX_ENV_RESTORE:-}" 2>/dev/null; builtin export PWD="$(builtin pwd)"; builtin shopt -s expand_aliases 2>/dev/null; builtin eval "$1" < /dev/null; }; COMMAND_EXIT_CODE=$?; dump_bash_state >&4; builtin exit $COMMAND_EXIT_CODE -- bash /Data/janis.aiad/abstractrl/src/AbstractBeam/crossbeam/experiment/v4/run_mixed_and_constructive_after_stop.sh
75594 bash /Data/janis.aiad/abstractrl/src/AbstractBeam/crossbeam/experiment/v4/run_mixed_and_constructive_after_stop.sh
75598 python3 -u run_mixed_curriculum_gcp_v4.py --session mixed_curriculum_1776880227 --small-train-globs /Data/janis.aiad/abstractrl/src/AbstractBeam/crossbeam/experiment/runs/gcp_trm_scaleup_v2/session_1776550919/n20/traces_train/*.pt,/Data/janis.aiad/abstractrl/src/AbstractBeam/crossbeam/experiment/runs/gcp_trm_scaleup_v2/session_1776550919/n40/traces_train/*.pt --small-valid-globs /Data/janis.aiad/abstractrl/src/AbstractBeam/crossbeam/experiment/runs/gcp_trm_scaleup_v2/session_1776550919/n20/traces_valid/*.pt,/Data/janis.aiad/abstractrl/src/AbstractBeam/crossbeam/experiment/runs/gcp_trm_scaleup_v2/session_1776550919/n40/traces_valid/*.pt --small-pretrained-ckpt /Data/janis.aiad/abstractrl/src/AbstractBeam/crossbeam/experiment/v3/runs/gcp_trm_scaleup_v3/big_train_1776710200/model-best.pt --run-ladder-eval
mixed_log=mixed_curriculum_1776880227.log
mixed_tail: [50/120] wrote 763 samples
mixed_tail: [100/120] wrote 1486 samples
mixed_tail: done: wrote 1776 samples to /Data/janis.aiad/abstractrl/src/AbstractBeam/crossbeam/experiment/v4/runs/gcp_trm_mixed_curriculum_v4/mixed_curriculum_1776880227/stage1_100_200/n100/traces_train
mixed_tail: done: wrote 154 samples to /Data/janis.aiad/abstractrl/src/AbstractBeam/crossbeam/experiment/v4/runs/gcp_trm_mixed_curriculum_v4/mixed_curriculum_1776880227/stage1_100_200/n100/traces_valid

===== 2026-04-22T20:53:44+02:00 =====
session=mixed_curriculum_1776880227
summary=missing
stage1_dir=present
proc=running
75580 /bin/bash -O extglob -c snap=$(command cat <&3) && builtin shopt -s extglob && builtin eval -- "$snap" && { builtin set +u 2>/dev/null || true; builtin eval "${__CURSOR_SANDBOX_ENV_RESTORE:-}" 2>/dev/null; builtin export PWD="$(builtin pwd)"; builtin shopt -s expand_aliases 2>/dev/null; builtin eval "$1" < /dev/null; }; COMMAND_EXIT_CODE=$?; dump_bash_state >&4; builtin exit $COMMAND_EXIT_CODE -- bash /Data/janis.aiad/abstractrl/src/AbstractBeam/crossbeam/experiment/v4/run_mixed_and_constructive_after_stop.sh
75594 bash /Data/janis.aiad/abstractrl/src/AbstractBeam/crossbeam/experiment/v4/run_mixed_and_constructive_after_stop.sh
75598 python3 -u run_mixed_curriculum_gcp_v4.py --session mixed_curriculum_1776880227 --small-train-globs /Data/janis.aiad/abstractrl/src/AbstractBeam/crossbeam/experiment/runs/gcp_trm_scaleup_v2/session_1776550919/n20/traces_train/*.pt,/Data/janis.aiad/abstractrl/src/AbstractBeam/crossbeam/experiment/runs/gcp_trm_scaleup_v2/session_1776550919/n40/traces_train/*.pt --small-valid-globs /Data/janis.aiad/abstractrl/src/AbstractBeam/crossbeam/experiment/runs/gcp_trm_scaleup_v2/session_1776550919/n20/traces_valid/*.pt,/Data/janis.aiad/abstractrl/src/AbstractBeam/crossbeam/experiment/runs/gcp_trm_scaleup_v2/session_1776550919/n40/traces_valid/*.pt --small-pretrained-ckpt /Data/janis.aiad/abstractrl/src/AbstractBeam/crossbeam/experiment/v3/runs/gcp_trm_scaleup_v3/big_train_1776710200/model-best.pt --run-ladder-eval
mixed_log=mixed_curriculum_1776880227.log
mixed_tail: [50/120] wrote 763 samples
mixed_tail: [100/120] wrote 1486 samples
mixed_tail: done: wrote 1776 samples to /Data/janis.aiad/abstractrl/src/AbstractBeam/crossbeam/experiment/v4/runs/gcp_trm_mixed_curriculum_v4/mixed_curriculum_1776880227/stage1_100_200/n100/traces_train
mixed_tail: done: wrote 154 samples to /Data/janis.aiad/abstractrl/src/AbstractBeam/crossbeam/experiment/v4/runs/gcp_trm_mixed_curriculum_v4/mixed_curriculum_1776880227/stage1_100_200/n100/traces_valid

===== 2026-04-22T21:03:44+02:00 =====
session=mixed_curriculum_1776880227
summary=missing
stage1_dir=present
proc=running
75580 /bin/bash -O extglob -c snap=$(command cat <&3) && builtin shopt -s extglob && builtin eval -- "$snap" && { builtin set +u 2>/dev/null || true; builtin eval "${__CURSOR_SANDBOX_ENV_RESTORE:-}" 2>/dev/null; builtin export PWD="$(builtin pwd)"; builtin shopt -s expand_aliases 2>/dev/null; builtin eval "$1" < /dev/null; }; COMMAND_EXIT_CODE=$?; dump_bash_state >&4; builtin exit $COMMAND_EXIT_CODE -- bash /Data/janis.aiad/abstractrl/src/AbstractBeam/crossbeam/experiment/v4/run_mixed_and_constructive_after_stop.sh
75594 bash /Data/janis.aiad/abstractrl/src/AbstractBeam/crossbeam/experiment/v4/run_mixed_and_constructive_after_stop.sh
75598 python3 -u run_mixed_curriculum_gcp_v4.py --session mixed_curriculum_1776880227 --small-train-globs /Data/janis.aiad/abstractrl/src/AbstractBeam/crossbeam/experiment/runs/gcp_trm_scaleup_v2/session_1776550919/n20/traces_train/*.pt,/Data/janis.aiad/abstractrl/src/AbstractBeam/crossbeam/experiment/runs/gcp_trm_scaleup_v2/session_1776550919/n40/traces_train/*.pt --small-valid-globs /Data/janis.aiad/abstractrl/src/AbstractBeam/crossbeam/experiment/runs/gcp_trm_scaleup_v2/session_1776550919/n20/traces_valid/*.pt,/Data/janis.aiad/abstractrl/src/AbstractBeam/crossbeam/experiment/runs/gcp_trm_scaleup_v2/session_1776550919/n40/traces_valid/*.pt --small-pretrained-ckpt /Data/janis.aiad/abstractrl/src/AbstractBeam/crossbeam/experiment/v3/runs/gcp_trm_scaleup_v3/big_train_1776710200/model-best.pt --run-ladder-eval
mixed_log=mixed_curriculum_1776880227.log
mixed_tail: [50/120] wrote 763 samples
mixed_tail: [100/120] wrote 1486 samples
mixed_tail: done: wrote 1776 samples to /Data/janis.aiad/abstractrl/src/AbstractBeam/crossbeam/experiment/v4/runs/gcp_trm_mixed_curriculum_v4/mixed_curriculum_1776880227/stage1_100_200/n100/traces_train
mixed_tail: done: wrote 154 samples to /Data/janis.aiad/abstractrl/src/AbstractBeam/crossbeam/experiment/v4/runs/gcp_trm_mixed_curriculum_v4/mixed_curriculum_1776880227/stage1_100_200/n100/traces_valid

===== 2026-04-22T21:13:44+02:00 =====
session=mixed_curriculum_1776880227
summary=missing
stage1_dir=present
proc=running
75580 /bin/bash -O extglob -c snap=$(command cat <&3) && builtin shopt -s extglob && builtin eval -- "$snap" && { builtin set +u 2>/dev/null || true; builtin eval "${__CURSOR_SANDBOX_ENV_RESTORE:-}" 2>/dev/null; builtin export PWD="$(builtin pwd)"; builtin shopt -s expand_aliases 2>/dev/null; builtin eval "$1" < /dev/null; }; COMMAND_EXIT_CODE=$?; dump_bash_state >&4; builtin exit $COMMAND_EXIT_CODE -- bash /Data/janis.aiad/abstractrl/src/AbstractBeam/crossbeam/experiment/v4/run_mixed_and_constructive_after_stop.sh
75594 bash /Data/janis.aiad/abstractrl/src/AbstractBeam/crossbeam/experiment/v4/run_mixed_and_constructive_after_stop.sh
75598 python3 -u run_mixed_curriculum_gcp_v4.py --session mixed_curriculum_1776880227 --small-train-globs /Data/janis.aiad/abstractrl/src/AbstractBeam/crossbeam/experiment/runs/gcp_trm_scaleup_v2/session_1776550919/n20/traces_train/*.pt,/Data/janis.aiad/abstractrl/src/AbstractBeam/crossbeam/experiment/runs/gcp_trm_scaleup_v2/session_1776550919/n40/traces_train/*.pt --small-valid-globs /Data/janis.aiad/abstractrl/src/AbstractBeam/crossbeam/experiment/runs/gcp_trm_scaleup_v2/session_1776550919/n20/traces_valid/*.pt,/Data/janis.aiad/abstractrl/src/AbstractBeam/crossbeam/experiment/runs/gcp_trm_scaleup_v2/session_1776550919/n40/traces_valid/*.pt --small-pretrained-ckpt /Data/janis.aiad/abstractrl/src/AbstractBeam/crossbeam/experiment/v3/runs/gcp_trm_scaleup_v3/big_train_1776710200/model-best.pt --run-ladder-eval
mixed_log=mixed_curriculum_1776880227.log
mixed_tail: [50/120] wrote 763 samples
mixed_tail: [100/120] wrote 1486 samples
mixed_tail: done: wrote 1776 samples to /Data/janis.aiad/abstractrl/src/AbstractBeam/crossbeam/experiment/v4/runs/gcp_trm_mixed_curriculum_v4/mixed_curriculum_1776880227/stage1_100_200/n100/traces_train
mixed_tail: done: wrote 154 samples to /Data/janis.aiad/abstractrl/src/AbstractBeam/crossbeam/experiment/v4/runs/gcp_trm_mixed_curriculum_v4/mixed_curriculum_1776880227/stage1_100_200/n100/traces_valid

===== 2026-04-22T21:23:44+02:00 =====
session=mixed_curriculum_1776880227
summary=missing
stage1_dir=present
proc=running
75580 /bin/bash -O extglob -c snap=$(command cat <&3) && builtin shopt -s extglob && builtin eval -- "$snap" && { builtin set +u 2>/dev/null || true; builtin eval "${__CURSOR_SANDBOX_ENV_RESTORE:-}" 2>/dev/null; builtin export PWD="$(builtin pwd)"; builtin shopt -s expand_aliases 2>/dev/null; builtin eval "$1" < /dev/null; }; COMMAND_EXIT_CODE=$?; dump_bash_state >&4; builtin exit $COMMAND_EXIT_CODE -- bash /Data/janis.aiad/abstractrl/src/AbstractBeam/crossbeam/experiment/v4/run_mixed_and_constructive_after_stop.sh
75594 bash /Data/janis.aiad/abstractrl/src/AbstractBeam/crossbeam/experiment/v4/run_mixed_and_constructive_after_stop.sh
75598 python3 -u run_mixed_curriculum_gcp_v4.py --session mixed_curriculum_1776880227 --small-train-globs /Data/janis.aiad/abstractrl/src/AbstractBeam/crossbeam/experiment/runs/gcp_trm_scaleup_v2/session_1776550919/n20/traces_train/*.pt,/Data/janis.aiad/abstractrl/src/AbstractBeam/crossbeam/experiment/runs/gcp_trm_scaleup_v2/session_1776550919/n40/traces_train/*.pt --small-valid-globs /Data/janis.aiad/abstractrl/src/AbstractBeam/crossbeam/experiment/runs/gcp_trm_scaleup_v2/session_1776550919/n20/traces_valid/*.pt,/Data/janis.aiad/abstractrl/src/AbstractBeam/crossbeam/experiment/runs/gcp_trm_scaleup_v2/session_1776550919/n40/traces_valid/*.pt --small-pretrained-ckpt /Data/janis.aiad/abstractrl/src/AbstractBeam/crossbeam/experiment/v3/runs/gcp_trm_scaleup_v3/big_train_1776710200/model-best.pt --run-ladder-eval
mixed_log=mixed_curriculum_1776880227.log
mixed_tail: [50/120] wrote 763 samples
mixed_tail: [100/120] wrote 1486 samples
mixed_tail: done: wrote 1776 samples to /Data/janis.aiad/abstractrl/src/AbstractBeam/crossbeam/experiment/v4/runs/gcp_trm_mixed_curriculum_v4/mixed_curriculum_1776880227/stage1_100_200/n100/traces_train
mixed_tail: done: wrote 154 samples to /Data/janis.aiad/abstractrl/src/AbstractBeam/crossbeam/experiment/v4/runs/gcp_trm_mixed_curriculum_v4/mixed_curriculum_1776880227/stage1_100_200/n100/traces_valid

===== 2026-04-22T21:33:44+02:00 =====
session=mixed_curriculum_1776880227
summary=missing
stage1_dir=present
proc=running
75580 /bin/bash -O extglob -c snap=$(command cat <&3) && builtin shopt -s extglob && builtin eval -- "$snap" && { builtin set +u 2>/dev/null || true; builtin eval "${__CURSOR_SANDBOX_ENV_RESTORE:-}" 2>/dev/null; builtin export PWD="$(builtin pwd)"; builtin shopt -s expand_aliases 2>/dev/null; builtin eval "$1" < /dev/null; }; COMMAND_EXIT_CODE=$?; dump_bash_state >&4; builtin exit $COMMAND_EXIT_CODE -- bash /Data/janis.aiad/abstractrl/src/AbstractBeam/crossbeam/experiment/v4/run_mixed_and_constructive_after_stop.sh
75594 bash /Data/janis.aiad/abstractrl/src/AbstractBeam/crossbeam/experiment/v4/run_mixed_and_constructive_after_stop.sh
75598 python3 -u run_mixed_curriculum_gcp_v4.py --session mixed_curriculum_1776880227 --small-train-globs /Data/janis.aiad/abstractrl/src/AbstractBeam/crossbeam/experiment/runs/gcp_trm_scaleup_v2/session_1776550919/n20/traces_train/*.pt,/Data/janis.aiad/abstractrl/src/AbstractBeam/crossbeam/experiment/runs/gcp_trm_scaleup_v2/session_1776550919/n40/traces_train/*.pt --small-valid-globs /Data/janis.aiad/abstractrl/src/AbstractBeam/crossbeam/experiment/runs/gcp_trm_scaleup_v2/session_1776550919/n20/traces_valid/*.pt,/Data/janis.aiad/abstractrl/src/AbstractBeam/crossbeam/experiment/runs/gcp_trm_scaleup_v2/session_1776550919/n40/traces_valid/*.pt --small-pretrained-ckpt /Data/janis.aiad/abstractrl/src/AbstractBeam/crossbeam/experiment/v3/runs/gcp_trm_scaleup_v3/big_train_1776710200/model-best.pt --run-ladder-eval
mixed_log=mixed_curriculum_1776880227.log
mixed_tail: [50/120] wrote 763 samples
mixed_tail: [100/120] wrote 1486 samples
mixed_tail: done: wrote 1776 samples to /Data/janis.aiad/abstractrl/src/AbstractBeam/crossbeam/experiment/v4/runs/gcp_trm_mixed_curriculum_v4/mixed_curriculum_1776880227/stage1_100_200/n100/traces_train
mixed_tail: done: wrote 154 samples to /Data/janis.aiad/abstractrl/src/AbstractBeam/crossbeam/experiment/v4/runs/gcp_trm_mixed_curriculum_v4/mixed_curriculum_1776880227/stage1_100_200/n100/traces_valid

===== 2026-04-22T21:43:44+02:00 =====
session=mixed_curriculum_1776880227
summary=missing
stage1_dir=present
proc=running
75580 /bin/bash -O extglob -c snap=$(command cat <&3) && builtin shopt -s extglob && builtin eval -- "$snap" && { builtin set +u 2>/dev/null || true; builtin eval "${__CURSOR_SANDBOX_ENV_RESTORE:-}" 2>/dev/null; builtin export PWD="$(builtin pwd)"; builtin shopt -s expand_aliases 2>/dev/null; builtin eval "$1" < /dev/null; }; COMMAND_EXIT_CODE=$?; dump_bash_state >&4; builtin exit $COMMAND_EXIT_CODE -- bash /Data/janis.aiad/abstractrl/src/AbstractBeam/crossbeam/experiment/v4/run_mixed_and_constructive_after_stop.sh
75594 bash /Data/janis.aiad/abstractrl/src/AbstractBeam/crossbeam/experiment/v4/run_mixed_and_constructive_after_stop.sh
75598 python3 -u run_mixed_curriculum_gcp_v4.py --session mixed_curriculum_1776880227 --small-train-globs /Data/janis.aiad/abstractrl/src/AbstractBeam/crossbeam/experiment/runs/gcp_trm_scaleup_v2/session_1776550919/n20/traces_train/*.pt,/Data/janis.aiad/abstractrl/src/AbstractBeam/crossbeam/experiment/runs/gcp_trm_scaleup_v2/session_1776550919/n40/traces_train/*.pt --small-valid-globs /Data/janis.aiad/abstractrl/src/AbstractBeam/crossbeam/experiment/runs/gcp_trm_scaleup_v2/session_1776550919/n20/traces_valid/*.pt,/Data/janis.aiad/abstractrl/src/AbstractBeam/crossbeam/experiment/runs/gcp_trm_scaleup_v2/session_1776550919/n40/traces_valid/*.pt --small-pretrained-ckpt /Data/janis.aiad/abstractrl/src/AbstractBeam/crossbeam/experiment/v3/runs/gcp_trm_scaleup_v3/big_train_1776710200/model-best.pt --run-ladder-eval
mixed_log=mixed_curriculum_1776880227.log
mixed_tail: [50/120] wrote 763 samples
mixed_tail: [100/120] wrote 1486 samples
mixed_tail: done: wrote 1776 samples to /Data/janis.aiad/abstractrl/src/AbstractBeam/crossbeam/experiment/v4/runs/gcp_trm_mixed_curriculum_v4/mixed_curriculum_1776880227/stage1_100_200/n100/traces_train
mixed_tail: done: wrote 154 samples to /Data/janis.aiad/abstractrl/src/AbstractBeam/crossbeam/experiment/v4/runs/gcp_trm_mixed_curriculum_v4/mixed_curriculum_1776880227/stage1_100_200/n100/traces_valid

===== 2026-04-22T21:53:44+02:00 =====
session=mixed_curriculum_1776880227
summary=missing
stage1_dir=present
proc=running
75580 /bin/bash -O extglob -c snap=$(command cat <&3) && builtin shopt -s extglob && builtin eval -- "$snap" && { builtin set +u 2>/dev/null || true; builtin eval "${__CURSOR_SANDBOX_ENV_RESTORE:-}" 2>/dev/null; builtin export PWD="$(builtin pwd)"; builtin shopt -s expand_aliases 2>/dev/null; builtin eval "$1" < /dev/null; }; COMMAND_EXIT_CODE=$?; dump_bash_state >&4; builtin exit $COMMAND_EXIT_CODE -- bash /Data/janis.aiad/abstractrl/src/AbstractBeam/crossbeam/experiment/v4/run_mixed_and_constructive_after_stop.sh
75594 bash /Data/janis.aiad/abstractrl/src/AbstractBeam/crossbeam/experiment/v4/run_mixed_and_constructive_after_stop.sh
75598 python3 -u run_mixed_curriculum_gcp_v4.py --session mixed_curriculum_1776880227 --small-train-globs /Data/janis.aiad/abstractrl/src/AbstractBeam/crossbeam/experiment/runs/gcp_trm_scaleup_v2/session_1776550919/n20/traces_train/*.pt,/Data/janis.aiad/abstractrl/src/AbstractBeam/crossbeam/experiment/runs/gcp_trm_scaleup_v2/session_1776550919/n40/traces_train/*.pt --small-valid-globs /Data/janis.aiad/abstractrl/src/AbstractBeam/crossbeam/experiment/runs/gcp_trm_scaleup_v2/session_1776550919/n20/traces_valid/*.pt,/Data/janis.aiad/abstractrl/src/AbstractBeam/crossbeam/experiment/runs/gcp_trm_scaleup_v2/session_1776550919/n40/traces_valid/*.pt --small-pretrained-ckpt /Data/janis.aiad/abstractrl/src/AbstractBeam/crossbeam/experiment/v3/runs/gcp_trm_scaleup_v3/big_train_1776710200/model-best.pt --run-ladder-eval
mixed_log=mixed_curriculum_1776880227.log
mixed_tail: [50/120] wrote 763 samples
mixed_tail: [100/120] wrote 1486 samples
mixed_tail: done: wrote 1776 samples to /Data/janis.aiad/abstractrl/src/AbstractBeam/crossbeam/experiment/v4/runs/gcp_trm_mixed_curriculum_v4/mixed_curriculum_1776880227/stage1_100_200/n100/traces_train
mixed_tail: done: wrote 154 samples to /Data/janis.aiad/abstractrl/src/AbstractBeam/crossbeam/experiment/v4/runs/gcp_trm_mixed_curriculum_v4/mixed_curriculum_1776880227/stage1_100_200/n100/traces_valid

===== 2026-04-22T22:03:44+02:00 =====
session=mixed_curriculum_1776880227
summary=missing
stage1_dir=present
proc=running
75580 /bin/bash -O extglob -c snap=$(command cat <&3) && builtin shopt -s extglob && builtin eval -- "$snap" && { builtin set +u 2>/dev/null || true; builtin eval "${__CURSOR_SANDBOX_ENV_RESTORE:-}" 2>/dev/null; builtin export PWD="$(builtin pwd)"; builtin shopt -s expand_aliases 2>/dev/null; builtin eval "$1" < /dev/null; }; COMMAND_EXIT_CODE=$?; dump_bash_state >&4; builtin exit $COMMAND_EXIT_CODE -- bash /Data/janis.aiad/abstractrl/src/AbstractBeam/crossbeam/experiment/v4/run_mixed_and_constructive_after_stop.sh
75594 bash /Data/janis.aiad/abstractrl/src/AbstractBeam/crossbeam/experiment/v4/run_mixed_and_constructive_after_stop.sh
75598 python3 -u run_mixed_curriculum_gcp_v4.py --session mixed_curriculum_1776880227 --small-train-globs /Data/janis.aiad/abstractrl/src/AbstractBeam/crossbeam/experiment/runs/gcp_trm_scaleup_v2/session_1776550919/n20/traces_train/*.pt,/Data/janis.aiad/abstractrl/src/AbstractBeam/crossbeam/experiment/runs/gcp_trm_scaleup_v2/session_1776550919/n40/traces_train/*.pt --small-valid-globs /Data/janis.aiad/abstractrl/src/AbstractBeam/crossbeam/experiment/runs/gcp_trm_scaleup_v2/session_1776550919/n20/traces_valid/*.pt,/Data/janis.aiad/abstractrl/src/AbstractBeam/crossbeam/experiment/runs/gcp_trm_scaleup_v2/session_1776550919/n40/traces_valid/*.pt --small-pretrained-ckpt /Data/janis.aiad/abstractrl/src/AbstractBeam/crossbeam/experiment/v3/runs/gcp_trm_scaleup_v3/big_train_1776710200/model-best.pt --run-ladder-eval
mixed_log=mixed_curriculum_1776880227.log
mixed_tail: [50/120] wrote 763 samples
mixed_tail: [100/120] wrote 1486 samples
mixed_tail: done: wrote 1776 samples to /Data/janis.aiad/abstractrl/src/AbstractBeam/crossbeam/experiment/v4/runs/gcp_trm_mixed_curriculum_v4/mixed_curriculum_1776880227/stage1_100_200/n100/traces_train
mixed_tail: done: wrote 154 samples to /Data/janis.aiad/abstractrl/src/AbstractBeam/crossbeam/experiment/v4/runs/gcp_trm_mixed_curriculum_v4/mixed_curriculum_1776880227/stage1_100_200/n100/traces_valid

===== 2026-04-22T22:13:44+02:00 =====
session=mixed_curriculum_1776880227
summary=missing
stage1_dir=present
proc=running
75580 /bin/bash -O extglob -c snap=$(command cat <&3) && builtin shopt -s extglob && builtin eval -- "$snap" && { builtin set +u 2>/dev/null || true; builtin eval "${__CURSOR_SANDBOX_ENV_RESTORE:-}" 2>/dev/null; builtin export PWD="$(builtin pwd)"; builtin shopt -s expand_aliases 2>/dev/null; builtin eval "$1" < /dev/null; }; COMMAND_EXIT_CODE=$?; dump_bash_state >&4; builtin exit $COMMAND_EXIT_CODE -- bash /Data/janis.aiad/abstractrl/src/AbstractBeam/crossbeam/experiment/v4/run_mixed_and_constructive_after_stop.sh
75594 bash /Data/janis.aiad/abstractrl/src/AbstractBeam/crossbeam/experiment/v4/run_mixed_and_constructive_after_stop.sh
75598 python3 -u run_mixed_curriculum_gcp_v4.py --session mixed_curriculum_1776880227 --small-train-globs /Data/janis.aiad/abstractrl/src/AbstractBeam/crossbeam/experiment/runs/gcp_trm_scaleup_v2/session_1776550919/n20/traces_train/*.pt,/Data/janis.aiad/abstractrl/src/AbstractBeam/crossbeam/experiment/runs/gcp_trm_scaleup_v2/session_1776550919/n40/traces_train/*.pt --small-valid-globs /Data/janis.aiad/abstractrl/src/AbstractBeam/crossbeam/experiment/runs/gcp_trm_scaleup_v2/session_1776550919/n20/traces_valid/*.pt,/Data/janis.aiad/abstractrl/src/AbstractBeam/crossbeam/experiment/runs/gcp_trm_scaleup_v2/session_1776550919/n40/traces_valid/*.pt --small-pretrained-ckpt /Data/janis.aiad/abstractrl/src/AbstractBeam/crossbeam/experiment/v3/runs/gcp_trm_scaleup_v3/big_train_1776710200/model-best.pt --run-ladder-eval
mixed_log=mixed_curriculum_1776880227.log
mixed_tail: [50/120] wrote 763 samples
mixed_tail: [100/120] wrote 1486 samples
mixed_tail: done: wrote 1776 samples to /Data/janis.aiad/abstractrl/src/AbstractBeam/crossbeam/experiment/v4/runs/gcp_trm_mixed_curriculum_v4/mixed_curriculum_1776880227/stage1_100_200/n100/traces_train
mixed_tail: done: wrote 154 samples to /Data/janis.aiad/abstractrl/src/AbstractBeam/crossbeam/experiment/v4/runs/gcp_trm_mixed_curriculum_v4/mixed_curriculum_1776880227/stage1_100_200/n100/traces_valid

===== 2026-04-22T22:23:44+02:00 =====
session=mixed_curriculum_1776880227
summary=missing
stage1_dir=present
proc=running
75580 /bin/bash -O extglob -c snap=$(command cat <&3) && builtin shopt -s extglob && builtin eval -- "$snap" && { builtin set +u 2>/dev/null || true; builtin eval "${__CURSOR_SANDBOX_ENV_RESTORE:-}" 2>/dev/null; builtin export PWD="$(builtin pwd)"; builtin shopt -s expand_aliases 2>/dev/null; builtin eval "$1" < /dev/null; }; COMMAND_EXIT_CODE=$?; dump_bash_state >&4; builtin exit $COMMAND_EXIT_CODE -- bash /Data/janis.aiad/abstractrl/src/AbstractBeam/crossbeam/experiment/v4/run_mixed_and_constructive_after_stop.sh
75594 bash /Data/janis.aiad/abstractrl/src/AbstractBeam/crossbeam/experiment/v4/run_mixed_and_constructive_after_stop.sh
75598 python3 -u run_mixed_curriculum_gcp_v4.py --session mixed_curriculum_1776880227 --small-train-globs /Data/janis.aiad/abstractrl/src/AbstractBeam/crossbeam/experiment/runs/gcp_trm_scaleup_v2/session_1776550919/n20/traces_train/*.pt,/Data/janis.aiad/abstractrl/src/AbstractBeam/crossbeam/experiment/runs/gcp_trm_scaleup_v2/session_1776550919/n40/traces_train/*.pt --small-valid-globs /Data/janis.aiad/abstractrl/src/AbstractBeam/crossbeam/experiment/runs/gcp_trm_scaleup_v2/session_1776550919/n20/traces_valid/*.pt,/Data/janis.aiad/abstractrl/src/AbstractBeam/crossbeam/experiment/runs/gcp_trm_scaleup_v2/session_1776550919/n40/traces_valid/*.pt --small-pretrained-ckpt /Data/janis.aiad/abstractrl/src/AbstractBeam/crossbeam/experiment/v3/runs/gcp_trm_scaleup_v3/big_train_1776710200/model-best.pt --run-ladder-eval
mixed_log=mixed_curriculum_1776880227.log
mixed_tail: [50/120] wrote 763 samples
mixed_tail: [100/120] wrote 1486 samples
mixed_tail: done: wrote 1776 samples to /Data/janis.aiad/abstractrl/src/AbstractBeam/crossbeam/experiment/v4/runs/gcp_trm_mixed_curriculum_v4/mixed_curriculum_1776880227/stage1_100_200/n100/traces_train
mixed_tail: done: wrote 154 samples to /Data/janis.aiad/abstractrl/src/AbstractBeam/crossbeam/experiment/v4/runs/gcp_trm_mixed_curriculum_v4/mixed_curriculum_1776880227/stage1_100_200/n100/traces_valid

===== 2026-04-22T22:33:44+02:00 =====
session=mixed_curriculum_1776880227
summary=missing
stage1_dir=present
proc=running
75580 /bin/bash -O extglob -c snap=$(command cat <&3) && builtin shopt -s extglob && builtin eval -- "$snap" && { builtin set +u 2>/dev/null || true; builtin eval "${__CURSOR_SANDBOX_ENV_RESTORE:-}" 2>/dev/null; builtin export PWD="$(builtin pwd)"; builtin shopt -s expand_aliases 2>/dev/null; builtin eval "$1" < /dev/null; }; COMMAND_EXIT_CODE=$?; dump_bash_state >&4; builtin exit $COMMAND_EXIT_CODE -- bash /Data/janis.aiad/abstractrl/src/AbstractBeam/crossbeam/experiment/v4/run_mixed_and_constructive_after_stop.sh
75594 bash /Data/janis.aiad/abstractrl/src/AbstractBeam/crossbeam/experiment/v4/run_mixed_and_constructive_after_stop.sh
75598 python3 -u run_mixed_curriculum_gcp_v4.py --session mixed_curriculum_1776880227 --small-train-globs /Data/janis.aiad/abstractrl/src/AbstractBeam/crossbeam/experiment/runs/gcp_trm_scaleup_v2/session_1776550919/n20/traces_train/*.pt,/Data/janis.aiad/abstractrl/src/AbstractBeam/crossbeam/experiment/runs/gcp_trm_scaleup_v2/session_1776550919/n40/traces_train/*.pt --small-valid-globs /Data/janis.aiad/abstractrl/src/AbstractBeam/crossbeam/experiment/runs/gcp_trm_scaleup_v2/session_1776550919/n20/traces_valid/*.pt,/Data/janis.aiad/abstractrl/src/AbstractBeam/crossbeam/experiment/runs/gcp_trm_scaleup_v2/session_1776550919/n40/traces_valid/*.pt --small-pretrained-ckpt /Data/janis.aiad/abstractrl/src/AbstractBeam/crossbeam/experiment/v3/runs/gcp_trm_scaleup_v3/big_train_1776710200/model-best.pt --run-ladder-eval
mixed_log=mixed_curriculum_1776880227.log
mixed_tail: [50/120] wrote 763 samples
mixed_tail: [100/120] wrote 1486 samples
mixed_tail: done: wrote 1776 samples to /Data/janis.aiad/abstractrl/src/AbstractBeam/crossbeam/experiment/v4/runs/gcp_trm_mixed_curriculum_v4/mixed_curriculum_1776880227/stage1_100_200/n100/traces_train
mixed_tail: done: wrote 154 samples to /Data/janis.aiad/abstractrl/src/AbstractBeam/crossbeam/experiment/v4/runs/gcp_trm_mixed_curriculum_v4/mixed_curriculum_1776880227/stage1_100_200/n100/traces_valid

===== 2026-04-22T22:43:44+02:00 =====
session=mixed_curriculum_1776880227
summary=missing
stage1_dir=present
proc=running
75580 /bin/bash -O extglob -c snap=$(command cat <&3) && builtin shopt -s extglob && builtin eval -- "$snap" && { builtin set +u 2>/dev/null || true; builtin eval "${__CURSOR_SANDBOX_ENV_RESTORE:-}" 2>/dev/null; builtin export PWD="$(builtin pwd)"; builtin shopt -s expand_aliases 2>/dev/null; builtin eval "$1" < /dev/null; }; COMMAND_EXIT_CODE=$?; dump_bash_state >&4; builtin exit $COMMAND_EXIT_CODE -- bash /Data/janis.aiad/abstractrl/src/AbstractBeam/crossbeam/experiment/v4/run_mixed_and_constructive_after_stop.sh
75594 bash /Data/janis.aiad/abstractrl/src/AbstractBeam/crossbeam/experiment/v4/run_mixed_and_constructive_after_stop.sh
75598 python3 -u run_mixed_curriculum_gcp_v4.py --session mixed_curriculum_1776880227 --small-train-globs /Data/janis.aiad/abstractrl/src/AbstractBeam/crossbeam/experiment/runs/gcp_trm_scaleup_v2/session_1776550919/n20/traces_train/*.pt,/Data/janis.aiad/abstractrl/src/AbstractBeam/crossbeam/experiment/runs/gcp_trm_scaleup_v2/session_1776550919/n40/traces_train/*.pt --small-valid-globs /Data/janis.aiad/abstractrl/src/AbstractBeam/crossbeam/experiment/runs/gcp_trm_scaleup_v2/session_1776550919/n20/traces_valid/*.pt,/Data/janis.aiad/abstractrl/src/AbstractBeam/crossbeam/experiment/runs/gcp_trm_scaleup_v2/session_1776550919/n40/traces_valid/*.pt --small-pretrained-ckpt /Data/janis.aiad/abstractrl/src/AbstractBeam/crossbeam/experiment/v3/runs/gcp_trm_scaleup_v3/big_train_1776710200/model-best.pt --run-ladder-eval
mixed_log=mixed_curriculum_1776880227.log
mixed_tail: [50/120] wrote 763 samples
mixed_tail: [100/120] wrote 1486 samples
mixed_tail: done: wrote 1776 samples to /Data/janis.aiad/abstractrl/src/AbstractBeam/crossbeam/experiment/v4/runs/gcp_trm_mixed_curriculum_v4/mixed_curriculum_1776880227/stage1_100_200/n100/traces_train
mixed_tail: done: wrote 154 samples to /Data/janis.aiad/abstractrl/src/AbstractBeam/crossbeam/experiment/v4/runs/gcp_trm_mixed_curriculum_v4/mixed_curriculum_1776880227/stage1_100_200/n100/traces_valid

===== 2026-04-22T22:53:44+02:00 =====
session=mixed_curriculum_1776880227
summary=missing
stage1_dir=present
proc=none
mixed_log=mixed_curriculum_1776880227.log
mixed_tail:     build_solve_traces(s1_train_jsonl[idx], tr_dir, "solve", base_ckpt, k=sc.k, episodes=STAGE1_TRAIN.solve_train, max_steps=16, simulations=STAGE1_TRAIN.simulations_trace, seed=int(args.seed) + 300 + idx)
mixed_tail:   File "/Data/janis.aiad/abstractrl/src/AbstractBeam/crossbeam/experiment/v4/run_mixed_curriculum_gcp_v4.py", line 199, in build_solve_traces
mixed_tail:     run_cmd(cmd, V3_ROOT)
mixed_tail:   File "/Data/janis.aiad/abstractrl/src/AbstractBeam/crossbeam/experiment/v4/run_mixed_curriculum_gcp_v4.py", line 81, in run_cmd
mixed_tail:     subprocess.run(cmd, cwd=str(cwd), check=True)
mixed_tail:   File "/usr/lib64/python3.9/subprocess.py", line 528, in run
mixed_tail:     raise CalledProcessError(retcode, process.args,
mixed_tail: subprocess.CalledProcessError: Command '['python', '/Data/janis.aiad/abstractrl/src/AbstractBeam/crossbeam/experiment/v3/gcp_trace_abstractbeam_v3.py', 'build-solve-traces', '--input', '/Data/janis.aiad/abstractrl/src/AbstractBeam/crossbeam/experiment/v4/runs/gcp_trm_mixed_curriculum_v4/mixed_curriculum_1776880227/stage1_100_200/data/stage1_n100/train.jsonl', '--out-dir', '/Data/janis.aiad/abstractrl/src/AbstractBeam/crossbeam/experiment/v4/runs/gcp_trm_mixed_curriculum_v4/mixed_curriculum_1776880227/stage1_100_200/n100/traces_train', '--prefix', 'solve', '--samples-per-shard', '5000', '--episodes-per-graph', '2', '--max-steps', '16', '--k', '6', '--simulations', '96', '--seed', '20260722', '--log-every-records', '50', '--ckpt', '/Data/janis.aiad/abstractrl/src/AbstractBeam/crossbeam/experiment/v3/runs/gcp_trm_scaleup_v3/big_train_1776710200/model-best.pt']' died with <Signals.SIGTERM: 15>.

===== 2026-04-22T23:03:44+02:00 =====
session=mixed_curriculum_1776880227
summary=missing
stage1_dir=present
proc=none
mixed_log=mixed_curriculum_1776880227.log
mixed_tail:     build_solve_traces(s1_train_jsonl[idx], tr_dir, "solve", base_ckpt, k=sc.k, episodes=STAGE1_TRAIN.solve_train, max_steps=16, simulations=STAGE1_TRAIN.simulations_trace, seed=int(args.seed) + 300 + idx)
mixed_tail:   File "/Data/janis.aiad/abstractrl/src/AbstractBeam/crossbeam/experiment/v4/run_mixed_curriculum_gcp_v4.py", line 199, in build_solve_traces
mixed_tail:     run_cmd(cmd, V3_ROOT)
mixed_tail:   File "/Data/janis.aiad/abstractrl/src/AbstractBeam/crossbeam/experiment/v4/run_mixed_curriculum_gcp_v4.py", line 81, in run_cmd
mixed_tail:     subprocess.run(cmd, cwd=str(cwd), check=True)
mixed_tail:   File "/usr/lib64/python3.9/subprocess.py", line 528, in run
mixed_tail:     raise CalledProcessError(retcode, process.args,
mixed_tail: subprocess.CalledProcessError: Command '['python', '/Data/janis.aiad/abstractrl/src/AbstractBeam/crossbeam/experiment/v3/gcp_trace_abstractbeam_v3.py', 'build-solve-traces', '--input', '/Data/janis.aiad/abstractrl/src/AbstractBeam/crossbeam/experiment/v4/runs/gcp_trm_mixed_curriculum_v4/mixed_curriculum_1776880227/stage1_100_200/data/stage1_n100/train.jsonl', '--out-dir', '/Data/janis.aiad/abstractrl/src/AbstractBeam/crossbeam/experiment/v4/runs/gcp_trm_mixed_curriculum_v4/mixed_curriculum_1776880227/stage1_100_200/n100/traces_train', '--prefix', 'solve', '--samples-per-shard', '5000', '--episodes-per-graph', '2', '--max-steps', '16', '--k', '6', '--simulations', '96', '--seed', '20260722', '--log-every-records', '50', '--ckpt', '/Data/janis.aiad/abstractrl/src/AbstractBeam/crossbeam/experiment/v3/runs/gcp_trm_scaleup_v3/big_train_1776710200/model-best.pt']' died with <Signals.SIGTERM: 15>.

===== 2026-04-22T23:13:44+02:00 =====
session=mixed_curriculum_1776880227
summary=missing
stage1_dir=present
proc=none
mixed_log=mixed_curriculum_1776880227.log
mixed_tail:     build_solve_traces(s1_train_jsonl[idx], tr_dir, "solve", base_ckpt, k=sc.k, episodes=STAGE1_TRAIN.solve_train, max_steps=16, simulations=STAGE1_TRAIN.simulations_trace, seed=int(args.seed) + 300 + idx)
mixed_tail:   File "/Data/janis.aiad/abstractrl/src/AbstractBeam/crossbeam/experiment/v4/run_mixed_curriculum_gcp_v4.py", line 199, in build_solve_traces
mixed_tail:     run_cmd(cmd, V3_ROOT)
mixed_tail:   File "/Data/janis.aiad/abstractrl/src/AbstractBeam/crossbeam/experiment/v4/run_mixed_curriculum_gcp_v4.py", line 81, in run_cmd
mixed_tail:     subprocess.run(cmd, cwd=str(cwd), check=True)
mixed_tail:   File "/usr/lib64/python3.9/subprocess.py", line 528, in run
mixed_tail:     raise CalledProcessError(retcode, process.args,
mixed_tail: subprocess.CalledProcessError: Command '['python', '/Data/janis.aiad/abstractrl/src/AbstractBeam/crossbeam/experiment/v3/gcp_trace_abstractbeam_v3.py', 'build-solve-traces', '--input', '/Data/janis.aiad/abstractrl/src/AbstractBeam/crossbeam/experiment/v4/runs/gcp_trm_mixed_curriculum_v4/mixed_curriculum_1776880227/stage1_100_200/data/stage1_n100/train.jsonl', '--out-dir', '/Data/janis.aiad/abstractrl/src/AbstractBeam/crossbeam/experiment/v4/runs/gcp_trm_mixed_curriculum_v4/mixed_curriculum_1776880227/stage1_100_200/n100/traces_train', '--prefix', 'solve', '--samples-per-shard', '5000', '--episodes-per-graph', '2', '--max-steps', '16', '--k', '6', '--simulations', '96', '--seed', '20260722', '--log-every-records', '50', '--ckpt', '/Data/janis.aiad/abstractrl/src/AbstractBeam/crossbeam/experiment/v3/runs/gcp_trm_scaleup_v3/big_train_1776710200/model-best.pt']' died with <Signals.SIGTERM: 15>.

===== 2026-04-22T23:23:45+02:00 =====
session=mixed_curriculum_1776880227
summary=missing
stage1_dir=present
proc=none
mixed_log=mixed_curriculum_1776880227.log
mixed_tail:     build_solve_traces(s1_train_jsonl[idx], tr_dir, "solve", base_ckpt, k=sc.k, episodes=STAGE1_TRAIN.solve_train, max_steps=16, simulations=STAGE1_TRAIN.simulations_trace, seed=int(args.seed) + 300 + idx)
mixed_tail:   File "/Data/janis.aiad/abstractrl/src/AbstractBeam/crossbeam/experiment/v4/run_mixed_curriculum_gcp_v4.py", line 199, in build_solve_traces
mixed_tail:     run_cmd(cmd, V3_ROOT)
mixed_tail:   File "/Data/janis.aiad/abstractrl/src/AbstractBeam/crossbeam/experiment/v4/run_mixed_curriculum_gcp_v4.py", line 81, in run_cmd
mixed_tail:     subprocess.run(cmd, cwd=str(cwd), check=True)
mixed_tail:   File "/usr/lib64/python3.9/subprocess.py", line 528, in run
mixed_tail:     raise CalledProcessError(retcode, process.args,
mixed_tail: subprocess.CalledProcessError: Command '['python', '/Data/janis.aiad/abstractrl/src/AbstractBeam/crossbeam/experiment/v3/gcp_trace_abstractbeam_v3.py', 'build-solve-traces', '--input', '/Data/janis.aiad/abstractrl/src/AbstractBeam/crossbeam/experiment/v4/runs/gcp_trm_mixed_curriculum_v4/mixed_curriculum_1776880227/stage1_100_200/data/stage1_n100/train.jsonl', '--out-dir', '/Data/janis.aiad/abstractrl/src/AbstractBeam/crossbeam/experiment/v4/runs/gcp_trm_mixed_curriculum_v4/mixed_curriculum_1776880227/stage1_100_200/n100/traces_train', '--prefix', 'solve', '--samples-per-shard', '5000', '--episodes-per-graph', '2', '--max-steps', '16', '--k', '6', '--simulations', '96', '--seed', '20260722', '--log-every-records', '50', '--ckpt', '/Data/janis.aiad/abstractrl/src/AbstractBeam/crossbeam/experiment/v3/runs/gcp_trm_scaleup_v3/big_train_1776710200/model-best.pt']' died with <Signals.SIGTERM: 15>.

===== 2026-04-22T23:33:45+02:00 =====
session=mixed_curriculum_1776880227
summary=missing
stage1_dir=present
proc=none
mixed_log=mixed_curriculum_1776880227.log
mixed_tail:     build_solve_traces(s1_train_jsonl[idx], tr_dir, "solve", base_ckpt, k=sc.k, episodes=STAGE1_TRAIN.solve_train, max_steps=16, simulations=STAGE1_TRAIN.simulations_trace, seed=int(args.seed) + 300 + idx)
mixed_tail:   File "/Data/janis.aiad/abstractrl/src/AbstractBeam/crossbeam/experiment/v4/run_mixed_curriculum_gcp_v4.py", line 199, in build_solve_traces
mixed_tail:     run_cmd(cmd, V3_ROOT)
mixed_tail:   File "/Data/janis.aiad/abstractrl/src/AbstractBeam/crossbeam/experiment/v4/run_mixed_curriculum_gcp_v4.py", line 81, in run_cmd
mixed_tail:     subprocess.run(cmd, cwd=str(cwd), check=True)
mixed_tail:   File "/usr/lib64/python3.9/subprocess.py", line 528, in run
mixed_tail:     raise CalledProcessError(retcode, process.args,
mixed_tail: subprocess.CalledProcessError: Command '['python', '/Data/janis.aiad/abstractrl/src/AbstractBeam/crossbeam/experiment/v3/gcp_trace_abstractbeam_v3.py', 'build-solve-traces', '--input', '/Data/janis.aiad/abstractrl/src/AbstractBeam/crossbeam/experiment/v4/runs/gcp_trm_mixed_curriculum_v4/mixed_curriculum_1776880227/stage1_100_200/data/stage1_n100/train.jsonl', '--out-dir', '/Data/janis.aiad/abstractrl/src/AbstractBeam/crossbeam/experiment/v4/runs/gcp_trm_mixed_curriculum_v4/mixed_curriculum_1776880227/stage1_100_200/n100/traces_train', '--prefix', 'solve', '--samples-per-shard', '5000', '--episodes-per-graph', '2', '--max-steps', '16', '--k', '6', '--simulations', '96', '--seed', '20260722', '--log-every-records', '50', '--ckpt', '/Data/janis.aiad/abstractrl/src/AbstractBeam/crossbeam/experiment/v3/runs/gcp_trm_scaleup_v3/big_train_1776710200/model-best.pt']' died with <Signals.SIGTERM: 15>.
